<?xml version="1.0" encoding="UTF-8"?>
<coverage generated="1780429789511" clover="3.2.0">
  <project timestamp="1780429789511" name="All files">
    <metrics statements="86" coveredstatements="86" conditionals="29" coveredconditionals="28" methods="25" coveredmethods="25" elements="140" coveredelements="139" complexity="0" loc="86" ncloc="86" packages="2" files="6" classes="6"/>
    <package name="composables">
      <metrics statements="35" coveredstatements="35" conditionals="25" coveredconditionals="24" methods="14" coveredmethods="14"/>
      <file name="useCrypto.js" path="/Users/jonathanlamela/Desktop/personal-projects/tauri-crittoutil/src/composables/useCrypto.js">
        <metrics statements="35" coveredstatements="35" conditionals="25" coveredconditionals="24" methods="14" coveredmethods="14"/>
        <line num="4" count="3" type="stmt"/>
        <line num="8" count="3" type="stmt"/>
        <line num="12" count="4" type="stmt"/>
        <line num="16" count="2" type="stmt"/>
        <line num="20" count="2" type="stmt"/>
        <line num="24" count="2" type="stmt"/>
        <line num="28" count="2" type="stmt"/>
        <line num="32" count="2" type="stmt"/>
        <line num="36" count="2" type="stmt"/>
        <line num="40" count="2" type="stmt"/>
        <line num="44" count="3" type="stmt"/>
        <line num="47" count="2" type="stmt"/>
        <line num="55" count="2" type="stmt"/>
        <line num="63" count="6" type="cond" truecount="6" falsecount="0"/>
        <line num="64" count="1" type="stmt"/>
        <line num="65" count="1" type="stmt"/>
        <line num="66" count="1" type="stmt"/>
        <line num="67" count="1" type="stmt"/>
        <line num="68" count="1" type="stmt"/>
        <line num="69" count="1" type="stmt"/>
        <line num="74" count="5" type="cond" truecount="5" falsecount="0"/>
        <line num="75" count="1" type="stmt"/>
        <line num="76" count="1" type="stmt"/>
        <line num="77" count="1" type="stmt"/>
        <line num="78" count="1" type="stmt"/>
        <line num="79" count="1" type="stmt"/>
        <line num="84" count="10" type="cond" truecount="2" falsecount="0"/>
        <line num="85" count="9" type="cond" truecount="2" falsecount="0"/>
        <line num="86" count="8" type="stmt"/>
        <line num="87" count="8" type="cond" truecount="1" falsecount="1"/>
        <line num="88" count="8" type="cond" truecount="2" falsecount="0"/>
        <line num="89" count="2" type="cond" truecount="2" falsecount="0"/>
        <line num="90" count="1" type="stmt"/>
        <line num="92" count="1" type="stmt"/>
        <line num="95" count="6" type="stmt"/>
      </file>
    </package>
    <package name="stores">
      <metrics statements="51" coveredstatements="51" conditionals="4" coveredconditionals="4" methods="11" coveredmethods="11"/>
      <file name="converter.js" path="/Users/jonathanlamela/Desktop/personal-projects/tauri-crittoutil/src/stores/converter.js">
        <metrics statements="12" coveredstatements="12" conditionals="0" coveredconditionals="0" methods="2" coveredmethods="2"/>
        <line num="4" count="1" type="stmt"/>
        <line num="5" count="2" type="stmt"/>
        <line num="6" count="2" type="stmt"/>
        <line num="7" count="2" type="stmt"/>
        <line num="8" count="2" type="stmt"/>
        <line num="9" count="2" type="stmt"/>
        <line num="12" count="1" type="stmt"/>
        <line num="13" count="1" type="stmt"/>
        <line num="14" count="1" type="stmt"/>
        <line num="15" count="1" type="stmt"/>
        <line num="16" count="1" type="stmt"/>
        <line num="19" count="2" type="stmt"/>
      </file>
      <file name="decrypter.js" path="/Users/jonathanlamela/Desktop/personal-projects/tauri-crittoutil/src/stores/decrypter.js">
        <metrics statements="13" coveredstatements="13" conditionals="0" coveredconditionals="0" methods="2" coveredmethods="2"/>
        <line num="4" count="1" type="stmt"/>
        <line num="5" count="2" type="stmt"/>
        <line num="6" count="2" type="stmt"/>
        <line num="7" count="2" type="stmt"/>
        <line num="8" count="2" type="stmt"/>
        <line num="9" count="2" type="stmt"/>
        <line num="10" count="2" type="stmt"/>
        <line num="13" count="1" type="stmt"/>
        <line num="14" count="1" type="stmt"/>
        <line num="15" count="1" type="stmt"/>
        <line num="16" count="1" type="stmt"/>
        <line num="17" count="1" type="stmt"/>
        <line num="20" count="2" type="stmt"/>
      </file>
      <file name="encrypter.js" path="/Users/jonathanlamela/Desktop/personal-projects/tauri-crittoutil/src/stores/encrypter.js">
        <metrics statements="15" coveredstatements="15" conditionals="0" coveredconditionals="0" methods="2" coveredmethods="2"/>
        <line num="4" count="1" type="stmt"/>
        <line num="5" count="2" type="stmt"/>
        <line num="6" count="2" type="stmt"/>
        <line num="7" count="2" type="stmt"/>
        <line num="8" count="2" type="stmt"/>
        <line num="9" count="2" type="stmt"/>
        <line num="10" count="2" type="stmt"/>
        <line num="11" count="2" type="stmt"/>
        <line num="14" count="1" type="stmt"/>
        <line num="15" count="1" type="stmt"/>
        <line num="16" count="1" type="stmt"/>
        <line num="17" count="1" type="stmt"/>
        <line num="18" count="1" type="stmt"/>
        <line num="19" count="1" type="stmt"/>
        <line num="22" count="2" type="stmt"/>
      </file>
      <file name="keyGenerator.js" path="/Users/jonathanlamela/Desktop/personal-projects/tauri-crittoutil/src/stores/keyGenerator.js">
        <metrics statements="6" coveredstatements="6" conditionals="0" coveredconditionals="0" methods="2" coveredmethods="2"/>
        <line num="4" count="1" type="stmt"/>
        <line num="5" count="2" type="stmt"/>
        <line num="6" count="2" type="stmt"/>
        <line num="9" count="1" type="stmt"/>
        <line num="10" count="1" type="stmt"/>
        <line num="13" count="2" type="stmt"/>
      </file>
      <file name="keyHistory.js" path="/Users/jonathanlamela/Desktop/personal-projects/tauri-crittoutil/src/stores/keyHistory.js">
        <metrics statements="5" coveredstatements="5" conditionals="4" coveredconditionals="4" methods="3" coveredmethods="3"/>
        <line num="4" count="1" type="stmt"/>
        <line num="5" count="6" type="stmt"/>
        <line num="8" count="8" type="cond" truecount="4" falsecount="0"/>
        <line num="9" count="6" type="stmt"/>
        <line num="12" count="6" type="stmt"/>
      </file>
    </package>
  </project>
</coverage>
