{"/Users/jonathanlamela/Desktop/personal-projects/tauri-crittoutil/src/composables/useCrypto.js": {"path":"/Users/jonathanlamela/Desktop/personal-projects/tauri-crittoutil/src/composables/useCrypto.js","statementMap":{"0":{"start":{"line":4,"column":2},"end":{"line":4,"column":null}},"1":{"start":{"line":8,"column":2},"end":{"line":8,"column":null}},"2":{"start":{"line":12,"column":2},"end":{"line":12,"column":null}},"3":{"start":{"line":16,"column":2},"end":{"line":16,"column":null}},"4":{"start":{"line":20,"column":2},"end":{"line":20,"column":null}},"5":{"start":{"line":24,"column":2},"end":{"line":24,"column":null}},"6":{"start":{"line":28,"column":2},"end":{"line":28,"column":null}},"7":{"start":{"line":32,"column":2},"end":{"line":32,"column":null}},"8":{"start":{"line":36,"column":2},"end":{"line":36,"column":null}},"9":{"start":{"line":40,"column":2},"end":{"line":40,"column":null}},"10":{"start":{"line":44,"column":2},"end":{"line":44,"column":null}},"11":{"start":{"line":47,"column":33},"end":{"line":53,"column":null}},"12":{"start":{"line":55,"column":33},"end":{"line":60,"column":null}},"13":{"start":{"line":63,"column":2},"end":{"line":70,"column":null}},"14":{"start":{"line":64,"column":20},"end":{"line":64,"column":null}},"15":{"start":{"line":65,"column":20},"end":{"line":65,"column":null}},"16":{"start":{"line":66,"column":20},"end":{"line":66,"column":null}},"17":{"start":{"line":67,"column":20},"end":{"line":67,"column":null}},"18":{"start":{"line":68,"column":20},"end":{"line":68,"column":null}},"19":{"start":{"line":69,"column":13},"end":{"line":69,"column":null}},"20":{"start":{"line":74,"column":2},"end":{"line":80,"column":null}},"21":{"start":{"line":75,"column":20},"end":{"line":75,"column":null}},"22":{"start":{"line":76,"column":20},"end":{"line":76,"column":null}},"23":{"start":{"line":77,"column":20},"end":{"line":77,"column":null}},"24":{"start":{"line":78,"column":20},"end":{"line":78,"column":null}},"25":{"start":{"line":79,"column":13},"end":{"line":79,"column":null}},"26":{"start":{"line":84,"column":2},"end":{"line":84,"column":null}},"27":{"start":{"line":84,"column":23},"end":{"line":84,"column":null}},"28":{"start":{"line":85,"column":2},"end":{"line":85,"column":null}},"29":{"start":{"line":85,"column":12},"end":{"line":85,"column":null}},"30":{"start":{"line":86,"column":14},"end":{"line":86,"column":null}},"31":{"start":{"line":87,"column":2},"end":{"line":94,"column":null}},"32":{"start":{"line":88,"column":4},"end":{"line":93,"column":null}},"33":{"start":{"line":89,"column":6},"end":{"line":91,"column":null}},"34":{"start":{"line":90,"column":8},"end":{"line":90,"column":null}},"35":{"start":{"line":92,"column":6},"end":{"line":92,"column":null}},"36":{"start":{"line":95,"column":2},"end":{"line":95,"column":null}}},"fnMap":{"0":{"name":"hashMd5","decl":{"start":{"line":3,"column":22},"end":{"line":3,"column":29}},"loc":{"start":{"line":3,"column":41},"end":{"line":5,"column":null}},"line":3},"1":{"name":"hashMd5Bytes","decl":{"start":{"line":7,"column":22},"end":{"line":7,"column":34}},"loc":{"start":{"line":7,"column":41},"end":{"line":9,"column":null}},"line":7},"2":{"name":"encryptAesCbc","decl":{"start":{"line":11,"column":22},"end":{"line":11,"column":35}},"loc":{"start":{"line":11,"column":63},"end":{"line":13,"column":null}},"line":11},"3":{"name":"decryptAesCbc","decl":{"start":{"line":15,"column":22},"end":{"line":15,"column":35}},"loc":{"start":{"line":15,"column":54},"end":{"line":17,"column":null}},"line":15},"4":{"name":"encryptAesEcb","decl":{"start":{"line":19,"column":22},"end":{"line":19,"column":35}},"loc":{"start":{"line":19,"column":52},"end":{"line":21,"column":null}},"line":19},"5":{"name":"decryptAesEcb","decl":{"start":{"line":23,"column":22},"end":{"line":23,"column":35}},"loc":{"start":{"line":23,"column":50},"end":{"line":25,"column":null}},"line":23},"6":{"name":"encryptDesEcb","decl":{"start":{"line":27,"column":22},"end":{"line":27,"column":35}},"loc":{"start":{"line":27,"column":52},"end":{"line":29,"column":null}},"line":27},"7":{"name":"decryptDesEcb","decl":{"start":{"line":31,"column":22},"end":{"line":31,"column":35}},"loc":{"start":{"line":31,"column":50},"end":{"line":33,"column":null}},"line":31},"8":{"name":"encryptDesCbc","decl":{"start":{"line":35,"column":22},"end":{"line":35,"column":35}},"loc":{"start":{"line":35,"column":63},"end":{"line":37,"column":null}},"line":35},"9":{"name":"decryptDesCbc","decl":{"start":{"line":39,"column":22},"end":{"line":39,"column":35}},"loc":{"start":{"line":39,"column":54},"end":{"line":41,"column":null}},"line":39},"10":{"name":"generateKey","decl":{"start":{"line":43,"column":22},"end":{"line":43,"column":33}},"loc":{"start":{"line":43,"column":40},"end":{"line":45,"column":null}},"line":43},"11":{"name":"encrypt","decl":{"start":{"line":62,"column":22},"end":{"line":62,"column":29}},"loc":{"start":{"line":62,"column":62},"end":{"line":71,"column":null}},"line":62},"12":{"name":"decrypt","decl":{"start":{"line":73,"column":22},"end":{"line":73,"column":29}},"loc":{"start":{"line":73,"column":60},"end":{"line":81,"column":null}},"line":73},"13":{"name":"validateKey","decl":{"start":{"line":83,"column":16},"end":{"line":83,"column":27}},"loc":{"start":{"line":83,"column":38},"end":{"line":96,"column":null}},"line":83}},"branchMap":{"0":{"loc":{"start":{"line":11,"column":52},"end":{"line":11,"column":61}},"type":"default-arg","locations":[{"start":{"line":11,"column":57},"end":{"line":11,"column":61}}],"line":11},"1":{"loc":{"start":{"line":35,"column":52},"end":{"line":35,"column":61}},"type":"default-arg","locations":[{"start":{"line":35,"column":57},"end":{"line":35,"column":61}}],"line":35},"2":{"loc":{"start":{"line":62,"column":51},"end":{"line":62,"column":60}},"type":"default-arg","locations":[{"start":{"line":62,"column":56},"end":{"line":62,"column":60}}],"line":62},"3":{"loc":{"start":{"line":63,"column":2},"end":{"line":70,"column":null}},"type":"switch","locations":[{"start":{"line":64,"column":4},"end":{"line":64,"column":null}},{"start":{"line":65,"column":4},"end":{"line":65,"column":null}},{"start":{"line":66,"column":4},"end":{"line":66,"column":null}},{"start":{"line":67,"column":4},"end":{"line":67,"column":null}},{"start":{"line":68,"column":4},"end":{"line":68,"column":null}},{"start":{"line":69,"column":4},"end":{"line":69,"column":null}}],"line":63},"4":{"loc":{"start":{"line":73,"column":49},"end":{"line":73,"column":58}},"type":"default-arg","locations":[{"start":{"line":73,"column":54},"end":{"line":73,"column":58}}],"line":73},"5":{"loc":{"start":{"line":74,"column":2},"end":{"line":80,"column":null}},"type":"switch","locations":[{"start":{"line":75,"column":4},"end":{"line":75,"column":null}},{"start":{"line":76,"column":4},"end":{"line":76,"column":null}},{"start":{"line":77,"column":4},"end":{"line":77,"column":null}},{"start":{"line":78,"column":4},"end":{"line":78,"column":null}},{"start":{"line":79,"column":4},"end":{"line":79,"column":null}}],"line":74},"6":{"loc":{"start":{"line":84,"column":2},"end":{"line":84,"column":null}},"type":"if","locations":[{"start":{"line":84,"column":2},"end":{"line":84,"column":null}},{"start":{},"end":{}}],"line":84},"7":{"loc":{"start":{"line":85,"column":2},"end":{"line":85,"column":null}},"type":"if","locations":[{"start":{"line":85,"column":2},"end":{"line":85,"column":null}},{"start":{},"end":{}}],"line":85},"8":{"loc":{"start":{"line":87,"column":2},"end":{"line":94,"column":null}},"type":"if","locations":[{"start":{"line":87,"column":2},"end":{"line":94,"column":null}},{"start":{},"end":{}}],"line":87},"9":{"loc":{"start":{"line":88,"column":4},"end":{"line":93,"column":null}},"type":"if","locations":[{"start":{"line":88,"column":4},"end":{"line":93,"column":null}},{"start":{},"end":{}}],"line":88},"10":{"loc":{"start":{"line":89,"column":6},"end":{"line":91,"column":null}},"type":"if","locations":[{"start":{"line":89,"column":6},"end":{"line":91,"column":null}},{"start":{},"end":{}}],"line":89}},"s":{"0":3,"1":3,"2":4,"3":2,"4":2,"5":2,"6":2,"7":2,"8":2,"9":2,"10":3,"11":2,"12":2,"13":6,"14":1,"15":1,"16":1,"17":1,"18":1,"19":1,"20":5,"21":1,"22":1,"23":1,"24":1,"25":1,"26":10,"27":1,"28":9,"29":9,"30":8,"31":8,"32":8,"33":2,"34":1,"35":1,"36":6},"f":{"0":3,"1":3,"2":4,"3":2,"4":2,"5":2,"6":2,"7":2,"8":2,"9":2,"10":3,"11":6,"12":5,"13":10},"b":{"0":[4],"1":[2],"2":[6],"3":[1,1,1,1,1,1],"4":[5],"5":[1,1,1,1,1],"6":[1,9],"7":[1,8],"8":[8,0],"9":[2,6],"10":[1,1]},"meta":{"lastBranch":11,"lastFunction":14,"lastStatement":37,"seen":{"f:3:22:3:29":0,"s:4:2:4:Infinity":0,"f:7:22:7:34":1,"s:8:2:8:Infinity":1,"f:11:22:11:35":2,"b:11:57:11:61":0,"s:12:2:12:Infinity":2,"f:15:22:15:35":3,"s:16:2:16:Infinity":3,"f:19:22:19:35":4,"s:20:2:20:Infinity":4,"f:23:22:23:35":5,"s:24:2:24:Infinity":5,"f:27:22:27:35":6,"s:28:2:28:Infinity":6,"f:31:22:31:35":7,"s:32:2:32:Infinity":7,"f:35:22:35:35":8,"b:35:57:35:61":1,"s:36:2:36:Infinity":8,"f:39:22:39:35":9,"s:40:2:40:Infinity":9,"f:43:22:43:33":10,"s:44:2:44:Infinity":10,"s:47:33:53:Infinity":11,"s:55:33:60:Infinity":12,"f:62:22:62:29":11,"b:62:56:62:60":2,"b:64:4:64:Infinity:65:4:65:Infinity:66:4:66:Infinity:67:4:67:Infinity:68:4:68:Infinity:69:4:69:Infinity":3,"s:63:2:70:Infinity":13,"s:64:20:64:Infinity":14,"s:65:20:65:Infinity":15,"s:66:20:66:Infinity":16,"s:67:20:67:Infinity":17,"s:68:20:68:Infinity":18,"s:69:13:69:Infinity":19,"f:73:22:73:29":12,"b:73:54:73:58":4,"b:75:4:75:Infinity:76:4:76:Infinity:77:4:77:Infinity:78:4:78:Infinity:79:4:79:Infinity":5,"s:74:2:80:Infinity":20,"s:75:20:75:Infinity":21,"s:76:20:76:Infinity":22,"s:77:20:77:Infinity":23,"s:78:20:78:Infinity":24,"s:79:13:79:Infinity":25,"f:83:16:83:27":13,"b:84:2:84:Infinity:undefined:undefined:undefined:undefined":6,"s:84:2:84:Infinity":26,"s:84:23:84:Infinity":27,"b:85:2:85:Infinity:undefined:undefined:undefined:undefined":7,"s:85:2:85:Infinity":28,"s:85:12:85:Infinity":29,"s:86:14:86:Infinity":30,"b:87:2:94:Infinity:undefined:undefined:undefined:undefined":8,"s:87:2:94:Infinity":31,"b:88:4:93:Infinity:undefined:undefined:undefined:undefined":9,"s:88:4:93:Infinity":32,"b:89:6:91:Infinity:undefined:undefined:undefined:undefined":10,"s:89:6:91:Infinity":33,"s:90:8:90:Infinity":34,"s:92:6:92:Infinity":35,"s:95:2:95:Infinity":36}}}
,"/Users/jonathanlamela/Desktop/personal-projects/tauri-crittoutil/src/stores/converter.js": {"path":"/Users/jonathanlamela/Desktop/personal-projects/tauri-crittoutil/src/stores/converter.js","statementMap":{"0":{"start":{"line":4,"column":32},"end":{"line":20,"column":null}},"1":{"start":{"line":5,"column":15},"end":{"line":5,"column":null}},"2":{"start":{"line":6,"column":19},"end":{"line":6,"column":null}},"3":{"start":{"line":7,"column":20},"end":{"line":7,"column":null}},"4":{"start":{"line":8,"column":16},"end":{"line":8,"column":null}},"5":{"start":{"line":9,"column":20},"end":{"line":9,"column":null}},"6":{"start":{"line":12,"column":4},"end":{"line":12,"column":null}},"7":{"start":{"line":13,"column":4},"end":{"line":13,"column":null}},"8":{"start":{"line":14,"column":4},"end":{"line":14,"column":null}},"9":{"start":{"line":15,"column":4},"end":{"line":15,"column":null}},"10":{"start":{"line":16,"column":4},"end":{"line":16,"column":null}},"11":{"start":{"line":19,"column":2},"end":{"line":19,"column":null}}},"fnMap":{"0":{"name":"(anonymous_0)","decl":{"start":{"line":4,"column":58},"end":{"line":4,"column":59}},"loc":{"start":{"line":4,"column":64},"end":{"line":20,"column":1}},"line":4},"1":{"name":"clear","decl":{"start":{"line":11,"column":11},"end":{"line":11,"column":16}},"loc":{"start":{"line":11,"column":19},"end":{"line":17,"column":null}},"line":11}},"branchMap":{},"s":{"0":1,"1":2,"2":2,"3":2,"4":2,"5":2,"6":1,"7":1,"8":1,"9":1,"10":1,"11":2},"f":{"0":2,"1":1},"b":{},"meta":{"lastBranch":0,"lastFunction":2,"lastStatement":12,"seen":{"s:4:32:20:Infinity":0,"f:4:58:4:59":0,"s:5:15:5:Infinity":1,"s:6:19:6:Infinity":2,"s:7:20:7:Infinity":3,"s:8:16:8:Infinity":4,"s:9:20:9:Infinity":5,"f:11:11:11:16":1,"s:12:4:12:Infinity":6,"s:13:4:13:Infinity":7,"s:14:4:14:Infinity":8,"s:15:4:15:Infinity":9,"s:16:4:16:Infinity":10,"s:19:2:19:Infinity":11}}}
,"/Users/jonathanlamela/Desktop/personal-projects/tauri-crittoutil/src/stores/decrypter.js": {"path":"/Users/jonathanlamela/Desktop/personal-projects/tauri-crittoutil/src/stores/decrypter.js","statementMap":{"0":{"start":{"line":4,"column":32},"end":{"line":21,"column":null}},"1":{"start":{"line":5,"column":23},"end":{"line":5,"column":null}},"2":{"start":{"line":6,"column":17},"end":{"line":6,"column":null}},"3":{"start":{"line":7,"column":13},"end":{"line":7,"column":null}},"4":{"start":{"line":8,"column":12},"end":{"line":8,"column":null}},"5":{"start":{"line":9,"column":16},"end":{"line":9,"column":null}},"6":{"start":{"line":10,"column":18},"end":{"line":10,"column":null}},"7":{"start":{"line":13,"column":4},"end":{"line":13,"column":null}},"8":{"start":{"line":14,"column":4},"end":{"line":14,"column":null}},"9":{"start":{"line":15,"column":4},"end":{"line":15,"column":null}},"10":{"start":{"line":16,"column":4},"end":{"line":16,"column":null}},"11":{"start":{"line":17,"column":4},"end":{"line":17,"column":null}},"12":{"start":{"line":20,"column":2},"end":{"line":20,"column":null}}},"fnMap":{"0":{"name":"(anonymous_0)","decl":{"start":{"line":4,"column":58},"end":{"line":4,"column":59}},"loc":{"start":{"line":4,"column":64},"end":{"line":21,"column":1}},"line":4},"1":{"name":"clear","decl":{"start":{"line":12,"column":11},"end":{"line":12,"column":16}},"loc":{"start":{"line":12,"column":19},"end":{"line":18,"column":null}},"line":12}},"branchMap":{},"s":{"0":1,"1":2,"2":2,"3":2,"4":2,"5":2,"6":2,"7":1,"8":1,"9":1,"10":1,"11":1,"12":2},"f":{"0":2,"1":1},"b":{},"meta":{"lastBranch":0,"lastFunction":2,"lastStatement":13,"seen":{"s:4:32:21:Infinity":0,"f:4:58:4:59":0,"s:5:23:5:Infinity":1,"s:6:17:6:Infinity":2,"s:7:13:7:Infinity":3,"s:8:12:8:Infinity":4,"s:9:16:9:Infinity":5,"s:10:18:10:Infinity":6,"f:12:11:12:16":1,"s:13:4:13:Infinity":7,"s:14:4:14:Infinity":8,"s:15:4:15:Infinity":9,"s:16:4:16:Infinity":10,"s:17:4:17:Infinity":11,"s:20:2:20:Infinity":12}}}
,"/Users/jonathanlamela/Desktop/personal-projects/tauri-crittoutil/src/stores/encrypter.js": {"path":"/Users/jonathanlamela/Desktop/personal-projects/tauri-crittoutil/src/stores/encrypter.js","statementMap":{"0":{"start":{"line":4,"column":32},"end":{"line":23,"column":null}},"1":{"start":{"line":5,"column":23},"end":{"line":5,"column":null}},"2":{"start":{"line":6,"column":19},"end":{"line":6,"column":null}},"3":{"start":{"line":7,"column":13},"end":{"line":7,"column":null}},"4":{"start":{"line":8,"column":12},"end":{"line":8,"column":null}},"5":{"start":{"line":9,"column":22},"end":{"line":9,"column":null}},"6":{"start":{"line":10,"column":18},"end":{"line":10,"column":null}},"7":{"start":{"line":11,"column":18},"end":{"line":11,"column":null}},"8":{"start":{"line":14,"column":4},"end":{"line":14,"column":null}},"9":{"start":{"line":15,"column":4},"end":{"line":15,"column":null}},"10":{"start":{"line":16,"column":4},"end":{"line":16,"column":null}},"11":{"start":{"line":17,"column":4},"end":{"line":17,"column":null}},"12":{"start":{"line":18,"column":4},"end":{"line":18,"column":null}},"13":{"start":{"line":19,"column":4},"end":{"line":19,"column":null}},"14":{"start":{"line":22,"column":2},"end":{"line":22,"column":null}}},"fnMap":{"0":{"name":"(anonymous_0)","decl":{"start":{"line":4,"column":58},"end":{"line":4,"column":59}},"loc":{"start":{"line":4,"column":64},"end":{"line":23,"column":1}},"line":4},"1":{"name":"clear","decl":{"start":{"line":13,"column":11},"end":{"line":13,"column":16}},"loc":{"start":{"line":13,"column":19},"end":{"line":20,"column":null}},"line":13}},"branchMap":{},"s":{"0":1,"1":2,"2":2,"3":2,"4":2,"5":2,"6":2,"7":2,"8":1,"9":1,"10":1,"11":1,"12":1,"13":1,"14":2},"f":{"0":2,"1":1},"b":{},"meta":{"lastBranch":0,"lastFunction":2,"lastStatement":15,"seen":{"s:4:32:23:Infinity":0,"f:4:58:4:59":0,"s:5:23:5:Infinity":1,"s:6:19:6:Infinity":2,"s:7:13:7:Infinity":3,"s:8:12:8:Infinity":4,"s:9:22:9:Infinity":5,"s:10:18:10:Infinity":6,"s:11:18:11:Infinity":7,"f:13:11:13:16":1,"s:14:4:14:Infinity":8,"s:15:4:15:Infinity":9,"s:16:4:16:Infinity":10,"s:17:4:17:Infinity":11,"s:18:4:18:Infinity":12,"s:19:4:19:Infinity":13,"s:22:2:22:Infinity":14}}}
,"/Users/jonathanlamela/Desktop/personal-projects/tauri-crittoutil/src/stores/keyGenerator.js": {"path":"/Users/jonathanlamela/Desktop/personal-projects/tauri-crittoutil/src/stores/keyGenerator.js","statementMap":{"0":{"start":{"line":4,"column":35},"end":{"line":14,"column":null}},"1":{"start":{"line":5,"column":17},"end":{"line":5,"column":null}},"2":{"start":{"line":6,"column":22},"end":{"line":6,"column":null}},"3":{"start":{"line":9,"column":4},"end":{"line":9,"column":null}},"4":{"start":{"line":10,"column":4},"end":{"line":10,"column":null}},"5":{"start":{"line":13,"column":2},"end":{"line":13,"column":null}}},"fnMap":{"0":{"name":"(anonymous_0)","decl":{"start":{"line":4,"column":64},"end":{"line":4,"column":65}},"loc":{"start":{"line":4,"column":70},"end":{"line":14,"column":1}},"line":4},"1":{"name":"clear","decl":{"start":{"line":8,"column":11},"end":{"line":8,"column":16}},"loc":{"start":{"line":8,"column":19},"end":{"line":11,"column":null}},"line":8}},"branchMap":{},"s":{"0":1,"1":2,"2":2,"3":1,"4":1,"5":2},"f":{"0":2,"1":1},"b":{},"meta":{"lastBranch":0,"lastFunction":2,"lastStatement":6,"seen":{"s:4:35:14:Infinity":0,"f:4:64:4:65":0,"s:5:17:5:Infinity":1,"s:6:22:6:Infinity":2,"f:8:11:8:16":1,"s:9:4:9:Infinity":3,"s:10:4:10:Infinity":4,"s:13:2:13:Infinity":5}}}
,"/Users/jonathanlamela/Desktop/personal-projects/tauri-crittoutil/src/stores/keyHistory.js": {"path":"/Users/jonathanlamela/Desktop/personal-projects/tauri-crittoutil/src/stores/keyHistory.js","statementMap":{"0":{"start":{"line":4,"column":33},"end":{"line":13,"column":null}},"1":{"start":{"line":5,"column":14},"end":{"line":5,"column":null}},"2":{"start":{"line":8,"column":4},"end":{"line":8,"column":null}},"3":{"start":{"line":8,"column":38},"end":{"line":8,"column":53}},"4":{"start":{"line":8,"column":56},"end":{"line":8,"column":null}},"5":{"start":{"line":9,"column":4},"end":{"line":9,"column":null}},"6":{"start":{"line":12,"column":2},"end":{"line":12,"column":null}}},"fnMap":{"0":{"name":"(anonymous_0)","decl":{"start":{"line":4,"column":60},"end":{"line":4,"column":61}},"loc":{"start":{"line":4,"column":66},"end":{"line":13,"column":1}},"line":4},"1":{"name":"addKey","decl":{"start":{"line":7,"column":11},"end":{"line":7,"column":17}},"loc":{"start":{"line":7,"column":37},"end":{"line":10,"column":null}},"line":7},"2":{"name":"(anonymous_2)","decl":{"start":{"line":8,"column":33},"end":{"line":8,"column":34}},"loc":{"start":{"line":8,"column":38},"end":{"line":8,"column":53}},"line":8}},"branchMap":{"0":{"loc":{"start":{"line":8,"column":4},"end":{"line":8,"column":null}},"type":"if","locations":[{"start":{"line":8,"column":4},"end":{"line":8,"column":null}},{"start":{},"end":{}}],"line":8},"1":{"loc":{"start":{"line":8,"column":8},"end":{"line":8,"column":54}},"type":"binary-expr","locations":[{"start":{"line":8,"column":8},"end":{"line":8,"column":13}},{"start":{"line":8,"column":17},"end":{"line":8,"column":54}}],"line":8}},"s":{"0":1,"1":6,"2":8,"3":3,"4":2,"5":6,"6":6},"f":{"0":6,"1":8,"2":3},"b":{"0":[2,6],"1":[8,7]},"meta":{"lastBranch":2,"lastFunction":3,"lastStatement":7,"seen":{"s:4:33:13:Infinity":0,"f:4:60:4:61":0,"s:5:14:5:Infinity":1,"f:7:11:7:17":1,"b:8:4:8:Infinity:undefined:undefined:undefined:undefined":0,"s:8:4:8:Infinity":2,"b:8:8:8:13:8:17:8:54":1,"f:8:33:8:34":2,"s:8:38:8:53":3,"s:8:56:8:Infinity":4,"s:9:4:9:Infinity":5,"s:12:2:12:Infinity":6}}}
}
